<?xml version="1.0" encoding="UTF-8"?>
<testng-results skipped="0" failed="0" total="1" passed="1">
  <reporter-output>
  </reporter-output>
  <suite name="Default suite" duration-ms="736" started-at="2018-08-11T17:37:06Z" finished-at="2018-08-11T17:37:07Z">
    <groups>
    </groups>
    <test name="Default test" duration-ms="736" started-at="2018-08-11T17:37:06Z" finished-at="2018-08-11T17:37:07Z">
      <class name="com.Example.excel">
        <test-method status="PASS" signature="afrin()[pri:0, instance:com.Example.excel@1629756]" name="afrin" duration-ms="717" started-at="2018-08-11T23:07:06Z" finished-at="2018-08-11T23:07:07Z">
          <reporter-output>
          </reporter-output>
        </test-method> <!-- afrin -->
      </class> <!-- com.Example.excel -->
    </test> <!-- Default test -->
  </suite> <!-- Default suite -->
</testng-results>
